<?xml version="1.0" encoding="UTF-8"?>
<testng-results ignored="0" total="1" passed="1" failed="0" skipped="0">
  <reporter-output>
  </reporter-output>
  <suite started-at="2020-07-17T17:56:36Z" name="Default suite" finished-at="2020-07-17T17:56:48Z" duration-ms="11684">
    <groups>
    </groups>
    <test started-at="2020-07-17T17:56:36Z" name="Default test" finished-at="2020-07-17T17:56:48Z" duration-ms="11684">
      <class name="GradleDemo.demotest">
        <test-method signature="test1()[pri:0, instance:GradleDemo.demotest@121314f7]" started-at="2020-07-17T17:56:36Z" name="test1" finished-at="2020-07-17T17:56:48Z" duration-ms="11629" status="PASS">
          <reporter-output>
          </reporter-output>
        </test-method> <!-- test1 -->
      </class> <!-- GradleDemo.demotest -->
    </test> <!-- Default test -->
  </suite> <!-- Default suite -->
</testng-results>
