<?xml version="1.0" encoding="UTF-8"?>
<testng-results ignored="0" total="1" passed="1" failed="0" skipped="0">
  <reporter-output>
  </reporter-output>
  <suite started-at="2020-07-17T18:40:21Z" name="Suite" finished-at="2020-07-17T18:40:27Z" duration-ms="5616">
    <groups>
    </groups>
    <test started-at="2020-07-17T18:40:21Z" name="Test" finished-at="2020-07-17T18:40:27Z" duration-ms="5616">
      <class name="GradleDemo.demotest">
        <test-method signature="test1()[pri:0, instance:GradleDemo.demotest@7be0de20]" started-at="2020-07-17T18:40:21Z" name="test1" finished-at="2020-07-17T18:40:27Z" duration-ms="5584" status="PASS">
          <reporter-output>
          </reporter-output>
        </test-method> <!-- test1 -->
      </class> <!-- GradleDemo.demotest -->
    </test> <!-- Test -->
  </suite> <!-- Suite -->
</testng-results>
